{"C:\\Users\\Валери\\unit-test-health\\src\\health.js": {"path":"C:\\Users\\Валери\\unit-test-health\\src\\health.js","statementMap":{"0":{"start":{"line":2,"column":2},"end":{"line":2,"column":46}},"1":{"start":{"line":2,"column":29},"end":{"line":2,"column":46}},"2":{"start":{"line":3,"column":2},"end":{"line":3,"column":47}},"3":{"start":{"line":3,"column":30},"end":{"line":3,"column":47}},"4":{"start":{"line":4,"column":2},"end":{"line":4,"column":20}}},"fnMap":{"0":{"name":"getHealthStatus","decl":{"start":{"line":1,"column":16},"end":{"line":1,"column":31}},"loc":{"start":{"line":1,"column":43},"end":{"line":5,"column":1}},"line":1}},"branchMap":{"0":{"loc":{"start":{"line":2,"column":2},"end":{"line":2,"column":46}},"type":"if","locations":[{"start":{"line":2,"column":2},"end":{"line":2,"column":46}},{"start":{},"end":{}}],"line":2},"1":{"loc":{"start":{"line":3,"column":2},"end":{"line":3,"column":47}},"type":"if","locations":[{"start":{"line":3,"column":2},"end":{"line":3,"column":47}},{"start":{},"end":{}}],"line":3}},"s":{"0":4,"1":1,"2":3,"3":2,"4":1},"f":{"0":4},"b":{"0":[1,3],"1":[2,1]},"_coverageSchema":"1a1c01bbd47fc00a2c39e90264f33305004495a9","hash":"615020497c4b8c11551c0f84d1e1674ed8cc51c3"}
}
